g:\github\wkhtmltoxdotnet\wkhtmltoxdotnet\debug\wkhtmltoxdotnet.pch
g:\github\wkhtmltoxdotnet\wkhtmltoxdotnet\debug\vc140.pdb
g:\github\wkhtmltoxdotnet\wkhtmltoxdotnet\debug\stdafx.obj
g:\github\wkhtmltoxdotnet\wkhtmltoxdotnet\debug\wkhtmltoxdotnet.obj
g:\github\wkhtmltoxdotnet\wkhtmltoxdotnet\debug\assemblyinfo.obj
g:\github\wkhtmltoxdotnet\wkhtmltoxdotnet\debug\.netframework,version=v4.5.2.assemblyattributes.obj
g:\github\wkhtmltoxdotnet\wkhtmltoxdotnet\debug\.netframework,version=v4.5.2.assemblyattributes.asm
g:\github\wkhtmltoxdotnet\debug\wkhtmltoxdotnet.dll
g:\github\wkhtmltoxdotnet\debug\wkhtmltoxdotnet.pdb
g:\github\wkhtmltoxdotnet\wkhtmltoxdotnet\debug\app.res
g:\github\wkhtmltoxdotnet\wkhtmltoxdotnet\debug\wkhtmltoxdotnet.tlog\cl.command.1.tlog
g:\github\wkhtmltoxdotnet\wkhtmltoxdotnet\debug\wkhtmltoxdotnet.tlog\cl.read.1.tlog
g:\github\wkhtmltoxdotnet\wkhtmltoxdotnet\debug\wkhtmltoxdotnet.tlog\cl.write.1.tlog
g:\github\wkhtmltoxdotnet\wkhtmltoxdotnet\debug\wkhtmltoxdotnet.tlog\link.command.1.tlog
g:\github\wkhtmltoxdotnet\wkhtmltoxdotnet\debug\wkhtmltoxdotnet.tlog\link.read.1.tlog
g:\github\wkhtmltoxdotnet\wkhtmltoxdotnet\debug\wkhtmltoxdotnet.tlog\link.write.1.tlog
g:\github\wkhtmltoxdotnet\wkhtmltoxdotnet\debug\wkhtmltoxdotnet.tlog\metagen.read.1.tlog
g:\github\wkhtmltoxdotnet\wkhtmltoxdotnet\debug\wkhtmltoxdotnet.tlog\metagen.write.1.tlog
g:\github\wkhtmltoxdotnet\wkhtmltoxdotnet\debug\wkhtmltoxdotnet.tlog\rc.command.1.tlog
g:\github\wkhtmltoxdotnet\wkhtmltoxdotnet\debug\wkhtmltoxdotnet.tlog\rc.read.1.tlog
g:\github\wkhtmltoxdotnet\wkhtmltoxdotnet\debug\wkhtmltoxdotnet.tlog\rc.write.1.tlog
g:\github\wkhtmltoxdotnet\wkhtmltoxdotnet\debug\wkhtmltoxdotnet.tlog\tzres.dll.bi
