生成启动时间为 2015/11/2 23:17:03。
     1>项目“G:\github\WkHtmlToXDotNet\WkHtmlToXDotNet\WkHtmlToXDotNet.vcxproj”在节点 2 上(Rebuild 个目标)。
     1>ClCompile:
         C:\Program Files (x86)\Microsoft Visual Studio 14.0\VC\bin\CL.exe /c /AI"C:\Program Files (x86)\Reference Assemblies\Microsoft\Framework\.NETFramework\v4.5.2\\" /AI"C:\Program Files (x86)\Windows Kits\8.1\References\CommonConfiguration\Neutral" /AI"C:\Program Files (x86)\Reference Assemblies\Microsoft\Framework\.NETFramework\v4.5.2\Facades\\" /Zi /clr /nologo /W3 /WX- /Od /Oy- /D WIN32 /D _DEBUG /D _WINDLL /D _UNICODE /D UNICODE /EHa /MDd /GS /fp:precise /Zc:wchar_t /Zc:forScope /Zc:inline /Yc"stdafx.h" /Fp"Debug\WkHtmlToXDotNet.pch" /Fo"Debug\\" /Fd"Debug\vc140.pdb" /TP /FU"C:\Program Files (x86)\Reference Assemblies\Microsoft\Framework\.NETFramework\v4.5.2\mscorlib.dll" /FU"C:\Program Files (x86)\Reference Assemblies\Microsoft\Framework\.NETFramework\v4.5.2\System.Data.dll" /FU"C:\Program Files (x86)\Reference Assemblies\Microsoft\Framework\.NETFramework\v4.5.2\System.dll" /FU"C:\Program Files (x86)\Reference Assemblies\Microsoft\Framework\.NETFramework\v4.5.2\System.Xml.dll" /analyze- /errorReport:prompt /clr:nostdlib Stdafx.cpp
         Stdafx.cpp
         C:\Program Files (x86)\Microsoft Visual Studio 14.0\VC\bin\CL.exe /c /AI"C:\Program Files (x86)\Reference Assemblies\Microsoft\Framework\.NETFramework\v4.5.2\\" /AI"C:\Program Files (x86)\Windows Kits\8.1\References\CommonConfiguration\Neutral" /AI"C:\Program Files (x86)\Reference Assemblies\Microsoft\Framework\.NETFramework\v4.5.2\Facades\\" /Zi /clr /nologo /W3 /WX- /Od /Oy- /D WIN32 /D _DEBUG /D _WINDLL /D _UNICODE /D UNICODE /EHa /MDd /GS /fp:precise /Zc:wchar_t /Zc:forScope /Zc:inline /Yu"stdafx.h" /Fp"Debug\WkHtmlToXDotNet.pch" /Fo"Debug\\" /Fd"Debug\vc140.pdb" /TP /FU"C:\Program Files (x86)\Reference Assemblies\Microsoft\Framework\.NETFramework\v4.5.2\mscorlib.dll" /FU"C:\Program Files (x86)\Reference Assemblies\Microsoft\Framework\.NETFramework\v4.5.2\System.Data.dll" /FU"C:\Program Files (x86)\Reference Assemblies\Microsoft\Framework\.NETFramework\v4.5.2\System.dll" /FU"C:\Program Files (x86)\Reference Assemblies\Microsoft\Framework\.NETFramework\v4.5.2\System.Xml.dll" /analyze- /errorReport:prompt /clr:nostdlib AssemblyInfo.cpp WkHtmlToXDotNet.cpp
         AssemblyInfo.cpp
         WkHtmlToXDotNet.cpp
         正在生成代码...
         C:\Program Files (x86)\Microsoft Visual Studio 14.0\VC\bin\CL.exe /c /Zi /clr /nologo /W3 /WX- /Od /Oy- /D WIN32 /D _DEBUG /D _WINDLL /D _UNICODE /D UNICODE /EHa /MDd /GS /fp:precise /Zc:wchar_t /Zc:forScope /Zc:inline /Fp"Debug\WkHtmlToXDotNet.pch" /Fa"Debug\\" /Fo"Debug\\" /Fd"Debug\vc140.pdb" /analyze- /errorReport:prompt "C:\Users\LGB83\AppData\Local\Temp\.NETFramework,Version=v4.5.2.AssemblyAttributes.cpp"
         .NETFramework,Version=v4.5.2.AssemblyAttributes.cpp
       ResourceCompile:
         C:\Program Files (x86)\Windows Kits\8.1\bin\x86\rc.exe /D _UNICODE /D UNICODE /l"0x0409" /nologo /fo"Debug\app.res" app.rc 
       Link:
         C:\Program Files (x86)\Microsoft Visual Studio 14.0\VC\bin\link.exe /ERRORREPORT:PROMPT /OUT:"G:\github\WkHtmlToXDotNet\Debug\WkHtmlToXDotNet.dll" /INCREMENTAL /NOLOGO /MANIFEST /MANIFESTUAC:"level='asInvoker' uiAccess='false'" /manifest:embed /Debug /PDB:"G:\github\WkHtmlToXDotNet\Debug\WkHtmlToXDotNet.pdb" /ASSEMBLYDEBUG /TLBID:1 /DYNAMICBASE /FIXED:NO /NXCOMPAT /MACHINE:X86 /DLL Debug\app.res
         Debug\AssemblyInfo.obj
         Debug\Stdafx.obj
         Debug\WkHtmlToXDotNet.obj
         "Debug\.NETFramework,Version=v4.5.2.AssemblyAttributes.obj"
         wkhtmltox.lib
     1>WkHtmlToXDotNet.obj : warning LNK4248: 无法解析 typeref 标记(0100000E)(为“wkhtmltoimage_converter”)；映像可能无法运行
     1>WkHtmlToXDotNet.obj : warning LNK4248: 无法解析 typeref 标记(0100000F)(为“wkhtmltoimage_global_settings”)；映像可能无法运行
     1>WkHtmlToXDotNet.obj : warning LNK4248: 无法解析 typeref 标记(01000012)(为“wkhtmltopdf_converter”)；映像可能无法运行
     1>WkHtmlToXDotNet.obj : warning LNK4248: 无法解析 typeref 标记(01000013)(为“wkhtmltopdf_object_settings”)；映像可能无法运行
     1>WkHtmlToXDotNet.obj : warning LNK4248: 无法解析 typeref 标记(01000014)(为“wkhtmltopdf_global_settings”)；映像可能无法运行
         WkHtmlToXDotNet.vcxproj -> G:\github\WkHtmlToXDotNet\Debug\WkHtmlToXDotNet.dll
     1>已完成生成项目“G:\github\WkHtmlToXDotNet\WkHtmlToXDotNet\WkHtmlToXDotNet.vcxproj”(Rebuild 个目标)的操作。

已成功生成。

已用时间 00:00:02.63
